<?xml version="1.0" encoding="UTF-8"?>
<testng-results skipped="0" failed="0" total="1" passed="1">
  <reporter-output>
  </reporter-output>
  <suite name="Default suite" duration-ms="44815" started-at="2019-11-14T05:49:00Z" finished-at="2019-11-14T05:49:45Z">
    <groups>
    </groups>
    <test name="Default test" duration-ms="44815" started-at="2019-11-14T05:49:00Z" finished-at="2019-11-14T05:49:45Z">
      <class name="com.training.sanity.tests.TestRegister005">
        <test-method status="PASS" signature="setUpBeforeClass()[pri:0, instance:com.training.sanity.tests.TestRegister005@2a18f23c]" name="setUpBeforeClass" is-config="true" duration-ms="26" started-at="2019-11-14T11:19:00Z" finished-at="2019-11-14T11:19:00Z">
          <reporter-output>
          </reporter-output>
        </test-method> <!-- setUpBeforeClass -->
        <test-method status="PASS" signature="setUp()[pri:0, instance:com.training.sanity.tests.TestRegister005@2a18f23c]" name="setUp" is-config="true" duration-ms="26165" started-at="2019-11-14T11:19:00Z" finished-at="2019-11-14T11:19:27Z">
          <reporter-output>
          </reporter-output>
        </test-method> <!-- setUp -->
        <test-method status="PASS" signature="register()[pri:0, instance:com.training.sanity.tests.TestRegister005@2a18f23c]" name="register" duration-ms="18605" started-at="2019-11-14T11:19:27Z" finished-at="2019-11-14T11:19:45Z">
          <reporter-output>
          </reporter-output>
        </test-method> <!-- register -->
      </class> <!-- com.training.sanity.tests.TestRegister005 -->
    </test> <!-- Default test -->
  </suite> <!-- Default suite -->
</testng-results>
